{"/Users/justindong/Northeastern/5500 - Software Engineering/Project/5500/backend/src/config/mongoDBConnection.js": {"path":"/Users/justindong/Northeastern/5500 - Software Engineering/Project/5500/backend/src/config/mongoDBConnection.js","statementMap":{"0":{"start":{"line":5,"column":16},"end":{"line":5,"column":70}},"1":{"start":{"line":6,"column":0},"end":{"line":6,"column":33}},"2":{"start":{"line":9,"column":2},"end":{"line":11,"column":29}},"3":{"start":{"line":13,"column":27},"end":{"line":26,"column":1}},"4":{"start":{"line":14,"column":2},"end":{"line":25,"column":3}},"5":{"start":{"line":15,"column":4},"end":{"line":15,"column":32}},"6":{"start":{"line":16,"column":4},"end":{"line":18,"column":6}},"7":{"start":{"line":20,"column":4},"end":{"line":22,"column":6}},"8":{"start":{"line":23,"column":4},"end":{"line":24,"column":19}},"9":{"start":{"line":23,"column":41},"end":{"line":23,"column":57}},"10":{"start":{"line":24,"column":9},"end":{"line":24,"column":19}},"11":{"start":{"line":28,"column":28},"end":{"line":31,"column":1}},"12":{"start":{"line":29,"column":2},"end":{"line":29,"column":36}},"13":{"start":{"line":30,"column":2},"end":{"line":30,"column":43}}},"fnMap":{"0":{"name":"(anonymous_0)","decl":{"start":{"line":13,"column":27},"end":{"line":13,"column":28}},"loc":{"start":{"line":13,"column":39},"end":{"line":26,"column":1}},"line":13},"1":{"name":"(anonymous_1)","decl":{"start":{"line":28,"column":28},"end":{"line":28,"column":29}},"loc":{"start":{"line":28,"column":40},"end":{"line":31,"column":1}},"line":28}},"branchMap":{"0":{"loc":{"start":{"line":5,"column":16},"end":{"line":5,"column":70}},"type":"cond-expr","locations":[{"start":{"line":5,"column":50},"end":{"line":5,"column":61}},{"start":{"line":5,"column":64},"end":{"line":5,"column":70}}],"line":5},"1":{"loc":{"start":{"line":9,"column":2},"end":{"line":11,"column":29}},"type":"cond-expr","locations":[{"start":{"line":10,"column":6},"end":{"line":10,"column":29}},{"start":{"line":11,"column":6},"end":{"line":11,"column":29}}],"line":9},"2":{"loc":{"start":{"line":17,"column":38},"end":{"line":17,"column":94}},"type":"cond-expr","locations":[{"start":{"line":17,"column":61},"end":{"line":17,"column":76}},{"start":{"line":17,"column":79},"end":{"line":17,"column":94}}],"line":17},"3":{"loc":{"start":{"line":23,"column":4},"end":{"line":24,"column":19}},"type":"if","locations":[{"start":{"line":23,"column":4},"end":{"line":24,"column":19}},{"start":{"line":24,"column":9},"end":{"line":24,"column":19}}],"line":23}},"s":{"0":2,"1":2,"2":2,"3":2,"4":1,"5":1,"6":1,"7":0,"8":0,"9":0,"10":0,"11":2,"12":0,"13":0},"f":{"0":1,"1":0},"b":{"0":[2,0],"1":[2,0],"2":[1,0],"3":[0,0]},"_coverageSchema":"1a1c01bbd47fc00a2c39e90264f33305004495a9","hash":"7213731920d2dde9e51c043b2d20f1397b370b96"}
,"/Users/justindong/Northeastern/5500 - Software Engineering/Project/5500/backend/src/config/seedData.js": {"path":"/Users/justindong/Northeastern/5500 - Software Engineering/Project/5500/backend/src/config/seedData.js","statementMap":{"0":{"start":{"line":4,"column":17},"end":{"line":57,"column":1}},"1":{"start":{"line":5,"column":2},"end":{"line":56,"column":3}},"2":{"start":{"line":6,"column":15},"end":{"line":6,"column":62}},"3":{"start":{"line":8,"column":4},"end":{"line":53,"column":5}},"4":{"start":{"line":9,"column":6},"end":{"line":13,"column":9}},"5":{"start":{"line":14,"column":6},"end":{"line":14,"column":57}},"6":{"start":{"line":16,"column":28},"end":{"line":28,"column":8}},"7":{"start":{"line":30,"column":6},"end":{"line":32,"column":8}},"8":{"start":{"line":34,"column":28},"end":{"line":45,"column":8}},"9":{"start":{"line":47,"column":6},"end":{"line":49,"column":8}},"10":{"start":{"line":50,"column":6},"end":{"line":50,"column":39}},"11":{"start":{"line":52,"column":6},"end":{"line":52,"column":55}},"12":{"start":{"line":55,"column":4},"end":{"line":55,"column":42}}},"fnMap":{"0":{"name":"(anonymous_0)","decl":{"start":{"line":4,"column":17},"end":{"line":4,"column":18}},"loc":{"start":{"line":4,"column":29},"end":{"line":57,"column":1}},"line":4}},"branchMap":{"0":{"loc":{"start":{"line":8,"column":4},"end":{"line":53,"column":5}},"type":"if","locations":[{"start":{"line":8,"column":4},"end":{"line":53,"column":5}},{"start":{"line":51,"column":11},"end":{"line":53,"column":5}}],"line":8}},"s":{"0":2,"1":0,"2":0,"3":0,"4":0,"5":0,"6":0,"7":0,"8":0,"9":0,"10":0,"11":0,"12":0},"f":{"0":0},"b":{"0":[0,0]},"_coverageSchema":"1a1c01bbd47fc00a2c39e90264f33305004495a9","hash":"6b08cb28fba0f17520dd7f48fc908cd26a3fbc32"}
,"/Users/justindong/Northeastern/5500 - Software Engineering/Project/5500/backend/src/controller/outfitController.js": {"path":"/Users/justindong/Northeastern/5500 - Software Engineering/Project/5500/backend/src/controller/outfitController.js","statementMap":{"0":{"start":{"line":4,"column":34},"end":{"line":30,"column":1}},"1":{"start":{"line":5,"column":2},"end":{"line":5,"column":47}},"2":{"start":{"line":6,"column":2},"end":{"line":29,"column":3}},"3":{"start":{"line":7,"column":23},"end":{"line":7,"column":33}},"4":{"start":{"line":8,"column":4},"end":{"line":10,"column":5}},"5":{"start":{"line":9,"column":6},"end":{"line":9,"column":74}},"6":{"start":{"line":11,"column":20},"end":{"line":16,"column":30}},"7":{"start":{"line":18,"column":4},"end":{"line":22,"column":5}},"8":{"start":{"line":19,"column":6},"end":{"line":21,"column":62}},"9":{"start":{"line":24,"column":4},"end":{"line":24,"column":35}},"10":{"start":{"line":25,"column":4},"end":{"line":25,"column":34}},"11":{"start":{"line":27,"column":4},"end":{"line":27,"column":70}},"12":{"start":{"line":28,"column":4},"end":{"line":28,"column":73}},"13":{"start":{"line":33,"column":28},"end":{"line":68,"column":1}},"14":{"start":{"line":34,"column":2},"end":{"line":34,"column":47}},"15":{"start":{"line":35,"column":2},"end":{"line":67,"column":3}},"16":{"start":{"line":36,"column":69},"end":{"line":36,"column":77}},"17":{"start":{"line":38,"column":4},"end":{"line":40,"column":5}},"18":{"start":{"line":39,"column":6},"end":{"line":39,"column":78}},"19":{"start":{"line":52,"column":22},"end":{"line":59,"column":6}},"20":{"start":{"line":61,"column":24},"end":{"line":61,"column":46}},"21":{"start":{"line":62,"column":4},"end":{"line":62,"column":53}},"22":{"start":{"line":63,"column":4},"end":{"line":63,"column":38}},"23":{"start":{"line":65,"column":4},"end":{"line":65,"column":63}},"24":{"start":{"line":66,"column":4},"end":{"line":66,"column":73}}},"fnMap":{"0":{"name":"(anonymous_0)","decl":{"start":{"line":4,"column":34},"end":{"line":4,"column":35}},"loc":{"start":{"line":4,"column":54},"end":{"line":30,"column":1}},"line":4},"1":{"name":"(anonymous_1)","decl":{"start":{"line":33,"column":28},"end":{"line":33,"column":29}},"loc":{"start":{"line":33,"column":48},"end":{"line":68,"column":1}},"line":33}},"branchMap":{"0":{"loc":{"start":{"line":8,"column":4},"end":{"line":10,"column":5}},"type":"if","locations":[{"start":{"line":8,"column":4},"end":{"line":10,"column":5}},{"start":{},"end":{}}],"line":8},"1":{"loc":{"start":{"line":18,"column":4},"end":{"line":22,"column":5}},"type":"if","locations":[{"start":{"line":18,"column":4},"end":{"line":22,"column":5}},{"start":{},"end":{}}],"line":18},"2":{"loc":{"start":{"line":38,"column":4},"end":{"line":40,"column":5}},"type":"if","locations":[{"start":{"line":38,"column":4},"end":{"line":40,"column":5}},{"start":{},"end":{}}],"line":38},"3":{"loc":{"start":{"line":54,"column":12},"end":{"line":54,"column":24}},"type":"binary-expr","locations":[{"start":{"line":54,"column":12},"end":{"line":54,"column":16}},{"start":{"line":54,"column":20},"end":{"line":54,"column":24}}],"line":54},"4":{"loc":{"start":{"line":55,"column":15},"end":{"line":55,"column":30}},"type":"binary-expr","locations":[{"start":{"line":55,"column":15},"end":{"line":55,"column":22}},{"start":{"line":55,"column":26},"end":{"line":55,"column":30}}],"line":55},"5":{"loc":{"start":{"line":56,"column":13},"end":{"line":56,"column":26}},"type":"binary-expr","locations":[{"start":{"line":56,"column":13},"end":{"line":56,"column":18}},{"start":{"line":56,"column":22},"end":{"line":56,"column":26}}],"line":56},"6":{"loc":{"start":{"line":57,"column":17},"end":{"line":57,"column":34}},"type":"binary-expr","locations":[{"start":{"line":57,"column":17},"end":{"line":57,"column":26}},{"start":{"line":57,"column":30},"end":{"line":57,"column":34}}],"line":57},"7":{"loc":{"start":{"line":58,"column":19},"end":{"line":58,"column":38}},"type":"binary-expr","locations":[{"start":{"line":58,"column":19},"end":{"line":58,"column":30}},{"start":{"line":58,"column":34},"end":{"line":58,"column":38}}],"line":58}},"s":{"0":2,"1":0,"2":0,"3":0,"4":0,"5":0,"6":0,"7":0,"8":0,"9":0,"10":0,"11":0,"12":0,"13":2,"14":0,"15":0,"16":0,"17":0,"18":0,"19":0,"20":0,"21":0,"22":0,"23":0,"24":0},"f":{"0":0,"1":0},"b":{"0":[0,0],"1":[0,0],"2":[0,0],"3":[0,0],"4":[0,0],"5":[0,0],"6":[0,0],"7":[0,0]},"_coverageSchema":"1a1c01bbd47fc00a2c39e90264f33305004495a9","hash":"09e314731a70287e5d0ff6f266bff6eb3f124bf1"}
,"/Users/justindong/Northeastern/5500 - Software Engineering/Project/5500/backend/src/controller/userController.js": {"path":"/Users/justindong/Northeastern/5500 - Software Engineering/Project/5500/backend/src/controller/userController.js","statementMap":{"0":{"start":{"line":7,"column":27},"end":{"line":25,"column":1}},"1":{"start":{"line":8,"column":4},"end":{"line":24,"column":5}},"2":{"start":{"line":9,"column":23},"end":{"line":9,"column":33}},"3":{"start":{"line":11,"column":8},"end":{"line":13,"column":9}},"4":{"start":{"line":12,"column":12},"end":{"line":12,"column":75}},"5":{"start":{"line":15,"column":21},"end":{"line":15,"column":44}},"6":{"start":{"line":16,"column":8},"end":{"line":18,"column":9}},"7":{"start":{"line":17,"column":12},"end":{"line":17,"column":83}},"8":{"start":{"line":20,"column":8},"end":{"line":20,"column":37}},"9":{"start":{"line":22,"column":8},"end":{"line":22,"column":80}},"10":{"start":{"line":23,"column":8},"end":{"line":23,"column":94}},"11":{"start":{"line":35,"column":30},"end":{"line":83,"column":1}},"12":{"start":{"line":36,"column":4},"end":{"line":82,"column":5}},"13":{"start":{"line":37,"column":42},"end":{"line":37,"column":50}},"14":{"start":{"line":38,"column":8},"end":{"line":40,"column":9}},"15":{"start":{"line":39,"column":12},"end":{"line":39,"column":94}},"16":{"start":{"line":42,"column":8},"end":{"line":44,"column":9}},"17":{"start":{"line":43,"column":12},"end":{"line":43,"column":85}},"18":{"start":{"line":46,"column":8},"end":{"line":48,"column":9}},"19":{"start":{"line":47,"column":12},"end":{"line":47,"column":85}},"20":{"start":{"line":49,"column":27},"end":{"line":49,"column":56}},"21":{"start":{"line":51,"column":8},"end":{"line":53,"column":9}},"22":{"start":{"line":52,"column":12},"end":{"line":52,"column":102}},"23":{"start":{"line":55,"column":29},"end":{"line":55,"column":59}},"24":{"start":{"line":57,"column":24},"end":{"line":61,"column":10}},"25":{"start":{"line":62,"column":8},"end":{"line":77,"column":9}},"26":{"start":{"line":64,"column":33},"end":{"line":69,"column":13}},"27":{"start":{"line":71,"column":12},"end":{"line":74,"column":15}},"28":{"start":{"line":76,"column":12},"end":{"line":76,"column":79}},"29":{"start":{"line":80,"column":8},"end":{"line":80,"column":65}},"30":{"start":{"line":81,"column":8},"end":{"line":81,"column":82}},"31":{"start":{"line":86,"column":25},"end":{"line":126,"column":1}},"32":{"start":{"line":87,"column":4},"end":{"line":125,"column":5}},"33":{"start":{"line":88,"column":36},"end":{"line":88,"column":44}},"34":{"start":{"line":90,"column":8},"end":{"line":92,"column":9}},"35":{"start":{"line":91,"column":12},"end":{"line":91,"column":88}},"36":{"start":{"line":94,"column":8},"end":{"line":96,"column":9}},"37":{"start":{"line":95,"column":12},"end":{"line":95,"column":75}},"38":{"start":{"line":98,"column":21},"end":{"line":98,"column":50}},"39":{"start":{"line":100,"column":8},"end":{"line":102,"column":9}},"40":{"start":{"line":101,"column":12},"end":{"line":101,"column":82}},"41":{"start":{"line":104,"column":32},"end":{"line":104,"column":77}},"42":{"start":{"line":106,"column":8},"end":{"line":108,"column":9}},"43":{"start":{"line":107,"column":12},"end":{"line":107,"column":82}},"44":{"start":{"line":111,"column":29},"end":{"line":116,"column":9}},"45":{"start":{"line":118,"column":8},"end":{"line":121,"column":11}},"46":{"start":{"line":123,"column":8},"end":{"line":123,"column":54}},"47":{"start":{"line":124,"column":8},"end":{"line":124,"column":76}},"48":{"start":{"line":129,"column":26},"end":{"line":148,"column":1}},"49":{"start":{"line":130,"column":4},"end":{"line":147,"column":5}},"50":{"start":{"line":131,"column":23},"end":{"line":131,"column":33}},"51":{"start":{"line":133,"column":8},"end":{"line":135,"column":9}},"52":{"start":{"line":134,"column":12},"end":{"line":134,"column":85}},"53":{"start":{"line":137,"column":26},"end":{"line":137,"column":58}},"54":{"start":{"line":139,"column":8},"end":{"line":141,"column":9}},"55":{"start":{"line":140,"column":12},"end":{"line":140,"column":86}},"56":{"start":{"line":142,"column":8},"end":{"line":142,"column":94}},"57":{"start":{"line":145,"column":8},"end":{"line":145,"column":68}},"58":{"start":{"line":146,"column":8},"end":{"line":146,"column":88}}},"fnMap":{"0":{"name":"(anonymous_0)","decl":{"start":{"line":7,"column":27},"end":{"line":7,"column":28}},"loc":{"start":{"line":7,"column":47},"end":{"line":25,"column":1}},"line":7},"1":{"name":"(anonymous_1)","decl":{"start":{"line":35,"column":30},"end":{"line":35,"column":31}},"loc":{"start":{"line":35,"column":50},"end":{"line":83,"column":1}},"line":35},"2":{"name":"(anonymous_2)","decl":{"start":{"line":86,"column":25},"end":{"line":86,"column":26}},"loc":{"start":{"line":86,"column":45},"end":{"line":126,"column":1}},"line":86},"3":{"name":"(anonymous_3)","decl":{"start":{"line":129,"column":26},"end":{"line":129,"column":27}},"loc":{"start":{"line":129,"column":45},"end":{"line":148,"column":1}},"line":129}},"branchMap":{"0":{"loc":{"start":{"line":11,"column":8},"end":{"line":13,"column":9}},"type":"if","locations":[{"start":{"line":11,"column":8},"end":{"line":13,"column":9}},{"start":{},"end":{}}],"line":11},"1":{"loc":{"start":{"line":11,"column":12},"end":{"line":11,"column":55}},"type":"binary-expr","locations":[{"start":{"line":11,"column":12},"end":{"line":11,"column":15}},{"start":{"line":11,"column":19},"end":{"line":11,"column":55}}],"line":11},"2":{"loc":{"start":{"line":16,"column":8},"end":{"line":18,"column":9}},"type":"if","locations":[{"start":{"line":16,"column":8},"end":{"line":18,"column":9}},{"start":{},"end":{}}],"line":16},"3":{"loc":{"start":{"line":38,"column":8},"end":{"line":40,"column":9}},"type":"if","locations":[{"start":{"line":38,"column":8},"end":{"line":40,"column":9}},{"start":{},"end":{}}],"line":38},"4":{"loc":{"start":{"line":38,"column":12},"end":{"line":38,"column":40}},"type":"binary-expr","locations":[{"start":{"line":38,"column":12},"end":{"line":38,"column":17}},{"start":{"line":38,"column":21},"end":{"line":38,"column":27}},{"start":{"line":38,"column":31},"end":{"line":38,"column":40}}],"line":38},"5":{"loc":{"start":{"line":42,"column":8},"end":{"line":44,"column":9}},"type":"if","locations":[{"start":{"line":42,"column":8},"end":{"line":44,"column":9}},{"start":{},"end":{}}],"line":42},"6":{"loc":{"start":{"line":46,"column":8},"end":{"line":48,"column":9}},"type":"if","locations":[{"start":{"line":46,"column":8},"end":{"line":48,"column":9}},{"start":{},"end":{}}],"line":46},"7":{"loc":{"start":{"line":51,"column":8},"end":{"line":53,"column":9}},"type":"if","locations":[{"start":{"line":51,"column":8},"end":{"line":53,"column":9}},{"start":{},"end":{}}],"line":51},"8":{"loc":{"start":{"line":62,"column":8},"end":{"line":77,"column":9}},"type":"if","locations":[{"start":{"line":62,"column":8},"end":{"line":77,"column":9}},{"start":{"line":75,"column":15},"end":{"line":77,"column":9}}],"line":62},"9":{"loc":{"start":{"line":90,"column":8},"end":{"line":92,"column":9}},"type":"if","locations":[{"start":{"line":90,"column":8},"end":{"line":92,"column":9}},{"start":{},"end":{}}],"line":90},"10":{"loc":{"start":{"line":90,"column":12},"end":{"line":90,"column":31}},"type":"binary-expr","locations":[{"start":{"line":90,"column":12},"end":{"line":90,"column":18}},{"start":{"line":90,"column":22},"end":{"line":90,"column":31}}],"line":90},"11":{"loc":{"start":{"line":94,"column":8},"end":{"line":96,"column":9}},"type":"if","locations":[{"start":{"line":94,"column":8},"end":{"line":96,"column":9}},{"start":{},"end":{}}],"line":94},"12":{"loc":{"start":{"line":100,"column":8},"end":{"line":102,"column":9}},"type":"if","locations":[{"start":{"line":100,"column":8},"end":{"line":102,"column":9}},{"start":{},"end":{}}],"line":100},"13":{"loc":{"start":{"line":106,"column":8},"end":{"line":108,"column":9}},"type":"if","locations":[{"start":{"line":106,"column":8},"end":{"line":108,"column":9}},{"start":{},"end":{}}],"line":106},"14":{"loc":{"start":{"line":133,"column":8},"end":{"line":135,"column":9}},"type":"if","locations":[{"start":{"line":133,"column":8},"end":{"line":135,"column":9}},{"start":{},"end":{}}],"line":133},"15":{"loc":{"start":{"line":133,"column":12},"end":{"line":133,"column":55}},"type":"binary-expr","locations":[{"start":{"line":133,"column":12},"end":{"line":133,"column":15}},{"start":{"line":133,"column":19},"end":{"line":133,"column":55}}],"line":133},"16":{"loc":{"start":{"line":139,"column":8},"end":{"line":141,"column":9}},"type":"if","locations":[{"start":{"line":139,"column":8},"end":{"line":141,"column":9}},{"start":{},"end":{}}],"line":139}},"s":{"0":2,"1":3,"2":3,"3":3,"4":1,"5":2,"6":2,"7":1,"8":1,"9":0,"10":0,"11":2,"12":5,"13":5,"14":5,"15":1,"16":4,"17":1,"18":3,"19":1,"20":2,"21":2,"22":1,"23":1,"24":1,"25":1,"26":1,"27":1,"28":0,"29":0,"30":0,"31":2,"32":6,"33":6,"34":6,"35":2,"36":4,"37":1,"38":3,"39":3,"40":1,"41":2,"42":2,"43":1,"44":1,"45":1,"46":0,"47":0,"48":2,"49":3,"50":3,"51":3,"52":1,"53":2,"54":2,"55":1,"56":1,"57":0,"58":0},"f":{"0":3,"1":5,"2":6,"3":3},"b":{"0":[1,2],"1":[3,3],"2":[1,1],"3":[1,4],"4":[5,5,4],"5":[1,3],"6":[1,2],"7":[1,1],"8":[1,0],"9":[2,4],"10":[6,5],"11":[1,3],"12":[1,2],"13":[1,1],"14":[1,2],"15":[3,3],"16":[1,1]},"_coverageSchema":"1a1c01bbd47fc00a2c39e90264f33305004495a9","hash":"6944bc7dd5bd4941e21e5c3b3271c33420dfcc80"}
,"/Users/justindong/Northeastern/5500 - Software Engineering/Project/5500/backend/src/controller/wardrobeController.js": {"path":"/Users/justindong/Northeastern/5500 - Software Engineering/Project/5500/backend/src/controller/wardrobeController.js","statementMap":{"0":{"start":{"line":6,"column":27},"end":{"line":29,"column":1}},"1":{"start":{"line":7,"column":2},"end":{"line":7,"column":42}},"2":{"start":{"line":8,"column":2},"end":{"line":28,"column":3}},"3":{"start":{"line":9,"column":33},"end":{"line":9,"column":42}},"4":{"start":{"line":10,"column":4},"end":{"line":10,"column":55}},"5":{"start":{"line":12,"column":4},"end":{"line":14,"column":5}},"6":{"start":{"line":13,"column":6},"end":{"line":13,"column":71}},"7":{"start":{"line":16,"column":16},"end":{"line":16,"column":18}},"8":{"start":{"line":17,"column":4},"end":{"line":17,"column":38}},"9":{"start":{"line":17,"column":16},"end":{"line":17,"column":38}},"10":{"start":{"line":18,"column":4},"end":{"line":18,"column":44}},"11":{"start":{"line":18,"column":18},"end":{"line":18,"column":44}},"12":{"start":{"line":20,"column":18},"end":{"line":20,"column":72}},"13":{"start":{"line":21,"column":4},"end":{"line":21,"column":46}},"14":{"start":{"line":22,"column":4},"end":{"line":22,"column":33}},"15":{"start":{"line":24,"column":4},"end":{"line":24,"column":42}},"16":{"start":{"line":26,"column":4},"end":{"line":26,"column":35}},"17":{"start":{"line":27,"column":4},"end":{"line":27,"column":67}},"18":{"start":{"line":32,"column":34},"end":{"line":64,"column":1}},"19":{"start":{"line":33,"column":2},"end":{"line":33,"column":59}},"20":{"start":{"line":34,"column":2},"end":{"line":63,"column":3}},"21":{"start":{"line":36,"column":6},"end":{"line":36,"column":14}},"22":{"start":{"line":38,"column":4},"end":{"line":40,"column":5}},"23":{"start":{"line":39,"column":6},"end":{"line":39,"column":79}},"24":{"start":{"line":43,"column":4},"end":{"line":45,"column":5}},"25":{"start":{"line":44,"column":6},"end":{"line":44,"column":59}},"26":{"start":{"line":47,"column":20},"end":{"line":55,"column":6}},"27":{"start":{"line":56,"column":4},"end":{"line":56,"column":46}},"28":{"start":{"line":57,"column":4},"end":{"line":57,"column":44}},"29":{"start":{"line":59,"column":4},"end":{"line":59,"column":33}},"30":{"start":{"line":60,"column":4},"end":{"line":62,"column":73}},"31":{"start":{"line":67,"column":34},"end":{"line":81,"column":1}},"32":{"start":{"line":68,"column":2},"end":{"line":80,"column":3}},"33":{"start":{"line":69,"column":32},"end":{"line":71,"column":5}},"34":{"start":{"line":72,"column":4},"end":{"line":76,"column":5}},"35":{"start":{"line":73,"column":6},"end":{"line":75,"column":70}},"36":{"start":{"line":77,"column":4},"end":{"line":77,"column":44}},"37":{"start":{"line":79,"column":4},"end":{"line":79,"column":67}},"38":{"start":{"line":84,"column":34},"end":{"line":113,"column":1}},"39":{"start":{"line":85,"column":2},"end":{"line":112,"column":3}},"40":{"start":{"line":86,"column":19},"end":{"line":86,"column":29}},"41":{"start":{"line":87,"column":20},"end":{"line":87,"column":28}},"42":{"start":{"line":88,"column":4},"end":{"line":94,"column":5}},"43":{"start":{"line":89,"column":6},"end":{"line":93,"column":11}},"44":{"start":{"line":96,"column":24},"end":{"line":100,"column":5}},"45":{"start":{"line":102,"column":4},"end":{"line":105,"column":7}},"46":{"start":{"line":107,"column":4},"end":{"line":111,"column":9}}},"fnMap":{"0":{"name":"(anonymous_0)","decl":{"start":{"line":6,"column":27},"end":{"line":6,"column":28}},"loc":{"start":{"line":6,"column":47},"end":{"line":29,"column":1}},"line":6},"1":{"name":"(anonymous_1)","decl":{"start":{"line":32,"column":34},"end":{"line":32,"column":35}},"loc":{"start":{"line":32,"column":54},"end":{"line":64,"column":1}},"line":32},"2":{"name":"(anonymous_2)","decl":{"start":{"line":67,"column":34},"end":{"line":67,"column":35}},"loc":{"start":{"line":67,"column":54},"end":{"line":81,"column":1}},"line":67},"3":{"name":"(anonymous_3)","decl":{"start":{"line":84,"column":34},"end":{"line":84,"column":35}},"loc":{"start":{"line":84,"column":54},"end":{"line":113,"column":1}},"line":84}},"branchMap":{"0":{"loc":{"start":{"line":12,"column":4},"end":{"line":14,"column":5}},"type":"if","locations":[{"start":{"line":12,"column":4},"end":{"line":14,"column":5}},{"start":{},"end":{}}],"line":12},"1":{"loc":{"start":{"line":12,"column":8},"end":{"line":12,"column":59}},"type":"binary-expr","locations":[{"start":{"line":12,"column":8},"end":{"line":12,"column":15}},{"start":{"line":12,"column":19},"end":{"line":12,"column":59}}],"line":12},"2":{"loc":{"start":{"line":17,"column":4},"end":{"line":17,"column":38}},"type":"if","locations":[{"start":{"line":17,"column":4},"end":{"line":17,"column":38}},{"start":{},"end":{}}],"line":17},"3":{"loc":{"start":{"line":18,"column":4},"end":{"line":18,"column":44}},"type":"if","locations":[{"start":{"line":18,"column":4},"end":{"line":18,"column":44}},{"start":{},"end":{}}],"line":18},"4":{"loc":{"start":{"line":38,"column":4},"end":{"line":40,"column":5}},"type":"if","locations":[{"start":{"line":38,"column":4},"end":{"line":40,"column":5}},{"start":{},"end":{}}],"line":38},"5":{"loc":{"start":{"line":38,"column":8},"end":{"line":38,"column":58}},"type":"binary-expr","locations":[{"start":{"line":38,"column":8},"end":{"line":38,"column":14}},{"start":{"line":38,"column":18},"end":{"line":38,"column":58}}],"line":38},"6":{"loc":{"start":{"line":43,"column":4},"end":{"line":45,"column":5}},"type":"if","locations":[{"start":{"line":43,"column":4},"end":{"line":45,"column":5}},{"start":{},"end":{}}],"line":43},"7":{"loc":{"start":{"line":72,"column":4},"end":{"line":76,"column":5}},"type":"if","locations":[{"start":{"line":72,"column":4},"end":{"line":76,"column":5}},{"start":{},"end":{}}],"line":72},"8":{"loc":{"start":{"line":88,"column":4},"end":{"line":94,"column":5}},"type":"if","locations":[{"start":{"line":88,"column":4},"end":{"line":94,"column":5}},{"start":{},"end":{}}],"line":88}},"s":{"0":2,"1":3,"2":3,"3":3,"4":3,"5":3,"6":1,"7":2,"8":2,"9":2,"10":2,"11":1,"12":2,"13":2,"14":2,"15":2,"16":0,"17":0,"18":2,"19":2,"20":2,"21":2,"22":2,"23":1,"24":1,"25":1,"26":0,"27":0,"28":0,"29":1,"30":1,"31":2,"32":2,"33":2,"34":2,"35":1,"36":1,"37":0,"38":2,"39":1,"40":1,"41":1,"42":1,"43":0,"44":1,"45":1,"46":0},"f":{"0":3,"1":2,"2":2,"3":1},"b":{"0":[1,2],"1":[3,3],"2":[2,0],"3":[1,1],"4":[1,1],"5":[2,2],"6":[1,0],"7":[1,1],"8":[0,1]},"_coverageSchema":"1a1c01bbd47fc00a2c39e90264f33305004495a9","hash":"bc881498ce401a372fef0afbd15a8d7fce0ae00a"}
,"/Users/justindong/Northeastern/5500 - Software Engineering/Project/5500/backend/src/models/clothingSchema.js": {"path":"/Users/justindong/Northeastern/5500 - Software Engineering/Project/5500/backend/src/models/clothingSchema.js","statementMap":{"0":{"start":{"line":3,"column":19},"end":{"line":3,"column":27}},"1":{"start":{"line":5,"column":21},"end":{"line":50,"column":2}},"2":{"start":{"line":32,"column":18},"end":{"line":32,"column":33}},"3":{"start":{"line":48,"column":23},"end":{"line":48,"column":33}},"4":{"start":{"line":52,"column":0},"end":{"line":52,"column":47}},"5":{"start":{"line":53,"column":0},"end":{"line":53,"column":49}}},"fnMap":{"0":{"name":"(anonymous_0)","decl":{"start":{"line":32,"column":13},"end":{"line":32,"column":14}},"loc":{"start":{"line":32,"column":18},"end":{"line":32,"column":33}},"line":32},"1":{"name":"(anonymous_1)","decl":{"start":{"line":48,"column":17},"end":{"line":48,"column":18}},"loc":{"start":{"line":48,"column":23},"end":{"line":48,"column":33}},"line":48}},"branchMap":{},"s":{"0":2,"1":2,"2":2,"3":2,"4":2,"5":2},"f":{"0":2,"1":2},"b":{},"_coverageSchema":"1a1c01bbd47fc00a2c39e90264f33305004495a9","hash":"8b0d8637269bb60d600f3a4b0744c96dac8c1fd0"}
,"/Users/justindong/Northeastern/5500 - Software Engineering/Project/5500/backend/src/models/outfitSchema.js": {"path":"/Users/justindong/Northeastern/5500 - Software Engineering/Project/5500/backend/src/models/outfitSchema.js","statementMap":{"0":{"start":{"line":3,"column":19},"end":{"line":3,"column":27}},"1":{"start":{"line":5,"column":15},"end":{"line":36,"column":2}}},"fnMap":{},"branchMap":{},"s":{"0":2,"1":2},"f":{},"b":{},"_coverageSchema":"1a1c01bbd47fc00a2c39e90264f33305004495a9","hash":"a928b8fbd342b019f17166104d1e6ec962f332d0"}
,"/Users/justindong/Northeastern/5500 - Software Engineering/Project/5500/backend/src/models/userSchema.js": {"path":"/Users/justindong/Northeastern/5500 - Software Engineering/Project/5500/backend/src/models/userSchema.js","statementMap":{"0":{"start":{"line":3,"column":19},"end":{"line":3,"column":27}},"1":{"start":{"line":5,"column":19},"end":{"line":25,"column":2}},"2":{"start":{"line":22,"column":19},"end":{"line":22,"column":29}}},"fnMap":{"0":{"name":"(anonymous_0)","decl":{"start":{"line":22,"column":13},"end":{"line":22,"column":14}},"loc":{"start":{"line":22,"column":19},"end":{"line":22,"column":29}},"line":22}},"branchMap":{},"s":{"0":2,"1":2,"2":8},"f":{"0":8},"b":{},"_coverageSchema":"1a1c01bbd47fc00a2c39e90264f33305004495a9","hash":"3e753ca115a22cf94d1210d3159b8f1ebee52407"}
,"/Users/justindong/Northeastern/5500 - Software Engineering/Project/5500/backend/src/routes/outfitRoutes.js": {"path":"/Users/justindong/Northeastern/5500 - Software Engineering/Project/5500/backend/src/routes/outfitRoutes.js","statementMap":{"0":{"start":{"line":7,"column":15},"end":{"line":7,"column":31}},"1":{"start":{"line":9,"column":0},"end":{"line":9,"column":43}},"2":{"start":{"line":10,"column":0},"end":{"line":10,"column":31}}},"fnMap":{},"branchMap":{},"s":{"0":2,"1":2,"2":2},"f":{},"b":{},"_coverageSchema":"1a1c01bbd47fc00a2c39e90264f33305004495a9","hash":"69a39f25e56e4ae91501431d54f3256d5a9f46d6"}
,"/Users/justindong/Northeastern/5500 - Software Engineering/Project/5500/backend/src/routes/userRoutes.js": {"path":"/Users/justindong/Northeastern/5500 - Software Engineering/Project/5500/backend/src/routes/userRoutes.js","statementMap":{"0":{"start":{"line":9,"column":15},"end":{"line":9,"column":31}},"1":{"start":{"line":11,"column":0},"end":{"line":11,"column":32}},"2":{"start":{"line":12,"column":0},"end":{"line":12,"column":41}},"3":{"start":{"line":13,"column":0},"end":{"line":13,"column":33}},"4":{"start":{"line":14,"column":0},"end":{"line":14,"column":34}}},"fnMap":{},"branchMap":{},"s":{"0":2,"1":2,"2":2,"3":2,"4":2},"f":{},"b":{},"_coverageSchema":"1a1c01bbd47fc00a2c39e90264f33305004495a9","hash":"0f120149480ea54faeca3daee4b82fed06afbfb2"}
,"/Users/justindong/Northeastern/5500 - Software Engineering/Project/5500/backend/src/routes/wardrobeRoutes.js": {"path":"/Users/justindong/Northeastern/5500 - Software Engineering/Project/5500/backend/src/routes/wardrobeRoutes.js","statementMap":{"0":{"start":{"line":9,"column":15},"end":{"line":9,"column":31}},"1":{"start":{"line":11,"column":0},"end":{"line":11,"column":29}},"2":{"start":{"line":12,"column":0},"end":{"line":12,"column":37}},"3":{"start":{"line":13,"column":0},"end":{"line":13,"column":39}},"4":{"start":{"line":14,"column":0},"end":{"line":14,"column":42}}},"fnMap":{},"branchMap":{},"s":{"0":2,"1":2,"2":2,"3":2,"4":2},"f":{},"b":{},"_coverageSchema":"1a1c01bbd47fc00a2c39e90264f33305004495a9","hash":"fb53aeefda5b87bfcba2860aa0a3913d95c20012"}
,"/Users/justindong/Northeastern/5500 - Software Engineering/Project/5500/backend/src/services/geminiService.js": {"path":"/Users/justindong/Northeastern/5500 - Software Engineering/Project/5500/backend/src/services/geminiService.js","statementMap":{"0":{"start":{"line":8,"column":36},"end":{"line":42,"column":1}},"1":{"start":{"line":9,"column":2},"end":{"line":11,"column":3}},"2":{"start":{"line":10,"column":4},"end":{"line":10,"column":46}},"3":{"start":{"line":13,"column":2},"end":{"line":13,"column":38}},"4":{"start":{"line":14,"column":16},"end":{"line":14,"column":71}},"5":{"start":{"line":17,"column":22},"end":{"line":17,"column":79}},"6":{"start":{"line":19,"column":2},"end":{"line":41,"column":3}},"7":{"start":{"line":20,"column":21},"end":{"line":28,"column":5}},"8":{"start":{"line":29,"column":4},"end":{"line":29,"column":37}},"9":{"start":{"line":30,"column":21},"end":{"line":33,"column":6}},"10":{"start":{"line":35,"column":24},"end":{"line":35,"column":37}},"11":{"start":{"line":37,"column":4},"end":{"line":37,"column":23}},"12":{"start":{"line":39,"column":4},"end":{"line":39,"column":46}},"13":{"start":{"line":40,"column":4},"end":{"line":40,"column":58}}},"fnMap":{"0":{"name":"(anonymous_0)","decl":{"start":{"line":8,"column":36},"end":{"line":8,"column":37}},"loc":{"start":{"line":8,"column":63},"end":{"line":42,"column":1}},"line":8}},"branchMap":{"0":{"loc":{"start":{"line":9,"column":2},"end":{"line":11,"column":3}},"type":"if","locations":[{"start":{"line":9,"column":2},"end":{"line":11,"column":3}},{"start":{},"end":{}}],"line":9}},"s":{"0":2,"1":1,"2":0,"3":1,"4":1,"5":1,"6":1,"7":1,"8":1,"9":1,"10":0,"11":0,"12":1,"13":1},"f":{"0":1},"b":{"0":[0,1]},"_coverageSchema":"1a1c01bbd47fc00a2c39e90264f33305004495a9","hash":"a17e06cc492b563783f956c90247e8c2eda8a091"}
,"/Users/justindong/Northeastern/5500 - Software Engineering/Project/5500/backend/src/utils/validation.js": {"path":"/Users/justindong/Northeastern/5500 - Software Engineering/Project/5500/backend/src/utils/validation.js","statementMap":{"0":{"start":{"line":1,"column":28},"end":{"line":4,"column":1}},"1":{"start":{"line":2,"column":21},"end":{"line":2,"column":49}},"2":{"start":{"line":3,"column":2},"end":{"line":3,"column":32}},"3":{"start":{"line":6,"column":31},"end":{"line":11,"column":1}},"4":{"start":{"line":7,"column":2},"end":{"line":9,"column":3}},"5":{"start":{"line":8,"column":4},"end":{"line":8,"column":17}},"6":{"start":{"line":10,"column":2},"end":{"line":10,"column":14}}},"fnMap":{"0":{"name":"(anonymous_0)","decl":{"start":{"line":1,"column":28},"end":{"line":1,"column":29}},"loc":{"start":{"line":1,"column":39},"end":{"line":4,"column":1}},"line":1},"1":{"name":"(anonymous_1)","decl":{"start":{"line":6,"column":31},"end":{"line":6,"column":32}},"loc":{"start":{"line":6,"column":45},"end":{"line":11,"column":1}},"line":6}},"branchMap":{"0":{"loc":{"start":{"line":7,"column":2},"end":{"line":9,"column":3}},"type":"if","locations":[{"start":{"line":7,"column":2},"end":{"line":9,"column":3}},{"start":{},"end":{}}],"line":7}},"s":{"0":3,"1":10,"2":10,"3":3,"4":5,"5":2,"6":3},"f":{"0":10,"1":5},"b":{"0":[2,3]},"_coverageSchema":"1a1c01bbd47fc00a2c39e90264f33305004495a9","hash":"a90dabddfb5188e6f4a3515f147d789a8ae63e63"}
}
