TN:
SF:src/config/mongoDBConnection.js
FN:13,(anonymous_0)
FN:28,(anonymous_1)
FNF:2
FNH:1
FNDA:1,(anonymous_0)
FNDA:0,(anonymous_1)
DA:5,2
DA:6,2
DA:9,2
DA:13,2
DA:14,1
DA:15,1
DA:16,1
DA:20,0
DA:23,0
DA:24,0
DA:28,2
DA:29,0
DA:30,0
LF:13
LH:8
BRDA:5,0,0,2
BRDA:5,0,1,0
BRDA:9,1,0,2
BRDA:9,1,1,0
BRDA:17,2,0,1
BRDA:17,2,1,0
BRDA:23,3,0,0
BRDA:23,3,1,0
BRF:8
BRH:3
end_of_record
TN:
SF:src/config/seedData.js
FN:4,(anonymous_0)
FNF:1
FNH:0
FNDA:0,(anonymous_0)
DA:4,2
DA:5,0
DA:6,0
DA:8,0
DA:9,0
DA:14,0
DA:16,0
DA:30,0
DA:34,0
DA:47,0
DA:50,0
DA:52,0
DA:55,0
LF:13
LH:1
BRDA:8,0,0,0
BRDA:8,0,1,0
BRF:2
BRH:0
end_of_record
TN:
SF:src/controller/outfitController.js
FN:4,(anonymous_0)
FN:33,(anonymous_1)
FNF:2
FNH:0
FNDA:0,(anonymous_0)
FNDA:0,(anonymous_1)
DA:4,2
DA:5,0
DA:6,0
DA:7,0
DA:8,0
DA:9,0
DA:11,0
DA:18,0
DA:19,0
DA:24,0
DA:25,0
DA:27,0
DA:28,0
DA:33,2
DA:34,0
DA:35,0
DA:36,0
DA:38,0
DA:39,0
DA:52,0
DA:61,0
DA:62,0
DA:63,0
DA:65,0
DA:66,0
LF:25
LH:2
BRDA:8,0,0,0
BRDA:8,0,1,0
BRDA:18,1,0,0
BRDA:18,1,1,0
BRDA:38,2,0,0
BRDA:38,2,1,0
BRDA:54,3,0,0
BRDA:54,3,1,0
BRDA:55,4,0,0
BRDA:55,4,1,0
BRDA:56,5,0,0
BRDA:56,5,1,0
BRDA:57,6,0,0
BRDA:57,6,1,0
BRDA:58,7,0,0
BRDA:58,7,1,0
BRF:16
BRH:0
end_of_record
TN:
SF:src/controller/userController.js
FN:7,(anonymous_0)
FN:35,(anonymous_1)
FN:86,(anonymous_2)
FN:129,(anonymous_3)
FNF:4
FNH:4
FNDA:3,(anonymous_0)
FNDA:5,(anonymous_1)
FNDA:6,(anonymous_2)
FNDA:3,(anonymous_3)
DA:7,2
DA:8,3
DA:9,3
DA:11,3
DA:12,1
DA:15,2
DA:16,2
DA:17,1
DA:20,1
DA:22,0
DA:23,0
DA:35,2
DA:36,5
DA:37,5
DA:38,5
DA:39,1
DA:42,4
DA:43,1
DA:46,3
DA:47,1
DA:49,2
DA:51,2
DA:52,1
DA:55,1
DA:57,1
DA:62,1
DA:64,1
DA:71,1
DA:76,0
DA:80,0
DA:81,0
DA:86,2
DA:87,6
DA:88,6
DA:90,6
DA:91,2
DA:94,4
DA:95,1
DA:98,3
DA:100,3
DA:101,1
DA:104,2
DA:106,2
DA:107,1
DA:111,1
DA:118,1
DA:123,0
DA:124,0
DA:129,2
DA:130,3
DA:131,3
DA:133,3
DA:134,1
DA:137,2
DA:139,2
DA:140,1
DA:142,1
DA:145,0
DA:146,0
LF:59
LH:50
BRDA:11,0,0,1
BRDA:11,0,1,2
BRDA:11,1,0,3
BRDA:11,1,1,3
BRDA:16,2,0,1
BRDA:16,2,1,1
BRDA:38,3,0,1
BRDA:38,3,1,4
BRDA:38,4,0,5
BRDA:38,4,1,5
BRDA:38,4,2,4
BRDA:42,5,0,1
BRDA:42,5,1,3
BRDA:46,6,0,1
BRDA:46,6,1,2
BRDA:51,7,0,1
BRDA:51,7,1,1
BRDA:62,8,0,1
BRDA:62,8,1,0
BRDA:90,9,0,2
BRDA:90,9,1,4
BRDA:90,10,0,6
BRDA:90,10,1,5
BRDA:94,11,0,1
BRDA:94,11,1,3
BRDA:100,12,0,1
BRDA:100,12,1,2
BRDA:106,13,0,1
BRDA:106,13,1,1
BRDA:133,14,0,1
BRDA:133,14,1,2
BRDA:133,15,0,3
BRDA:133,15,1,3
BRDA:139,16,0,1
BRDA:139,16,1,1
BRF:35
BRH:34
end_of_record
TN:
SF:src/controller/wardrobeController.js
FN:6,(anonymous_0)
FN:32,(anonymous_1)
FN:67,(anonymous_2)
FN:84,(anonymous_3)
FNF:4
FNH:4
FNDA:3,(anonymous_0)
FNDA:2,(anonymous_1)
FNDA:2,(anonymous_2)
FNDA:1,(anonymous_3)
DA:6,2
DA:7,3
DA:8,3
DA:9,3
DA:10,3
DA:12,3
DA:13,1
DA:16,2
DA:17,2
DA:18,2
DA:20,2
DA:21,2
DA:22,2
DA:24,2
DA:26,0
DA:27,0
DA:32,2
DA:33,2
DA:34,2
DA:36,2
DA:38,2
DA:39,1
DA:43,1
DA:44,1
DA:47,0
DA:56,0
DA:57,0
DA:59,1
DA:60,1
DA:67,2
DA:68,2
DA:69,2
DA:72,2
DA:73,1
DA:77,1
DA:79,0
DA:84,2
DA:85,1
DA:86,1
DA:87,1
DA:88,1
DA:89,0
DA:96,1
DA:102,1
DA:107,0
LF:45
LH:37
BRDA:12,0,0,1
BRDA:12,0,1,2
BRDA:12,1,0,3
BRDA:12,1,1,3
BRDA:17,2,0,2
BRDA:17,2,1,0
BRDA:18,3,0,1
BRDA:18,3,1,1
BRDA:38,4,0,1
BRDA:38,4,1,1
BRDA:38,5,0,2
BRDA:38,5,1,2
BRDA:43,6,0,1
BRDA:43,6,1,0
BRDA:72,7,0,1
BRDA:72,7,1,1
BRDA:88,8,0,0
BRDA:88,8,1,1
BRF:18
BRH:15
end_of_record
TN:
SF:src/models/clothingSchema.js
FN:32,(anonymous_0)
FN:48,(anonymous_1)
FNF:2
FNH:2
FNDA:2,(anonymous_0)
FNDA:2,(anonymous_1)
DA:3,2
DA:5,2
DA:32,2
DA:48,2
DA:52,2
DA:53,2
LF:6
LH:6
BRF:0
BRH:0
end_of_record
TN:
SF:src/models/outfitSchema.js
FNF:0
FNH:0
DA:3,2
DA:5,2
LF:2
LH:2
BRF:0
BRH:0
end_of_record
TN:
SF:src/models/userSchema.js
FN:22,(anonymous_0)
FNF:1
FNH:1
FNDA:8,(anonymous_0)
DA:3,2
DA:5,2
DA:22,8
LF:3
LH:3
BRF:0
BRH:0
end_of_record
TN:
SF:src/routes/outfitRoutes.js
FNF:0
FNH:0
DA:7,2
DA:9,2
DA:10,2
LF:3
LH:3
BRF:0
BRH:0
end_of_record
TN:
SF:src/routes/userRoutes.js
FNF:0
FNH:0
DA:9,2
DA:11,2
DA:12,2
DA:13,2
DA:14,2
LF:5
LH:5
BRF:0
BRH:0
end_of_record
TN:
SF:src/routes/wardrobeRoutes.js
FNF:0
FNH:0
DA:9,2
DA:11,2
DA:12,2
DA:13,2
DA:14,2
LF:5
LH:5
BRF:0
BRH:0
end_of_record
TN:
SF:src/services/geminiService.js
FN:8,(anonymous_0)
FNF:1
FNH:1
FNDA:1,(anonymous_0)
DA:8,2
DA:9,1
DA:10,0
DA:13,1
DA:14,1
DA:17,1
DA:19,1
DA:20,1
DA:29,1
DA:30,1
DA:35,0
DA:37,0
DA:39,1
DA:40,1
LF:14
LH:11
BRDA:9,0,0,0
BRDA:9,0,1,1
BRF:2
BRH:1
end_of_record
TN:
SF:src/utils/validation.js
FN:1,(anonymous_0)
FN:6,(anonymous_1)
FNF:2
FNH:2
FNDA:10,(anonymous_0)
FNDA:5,(anonymous_1)
DA:1,3
DA:2,10
DA:3,10
DA:6,3
DA:7,5
DA:8,2
DA:10,3
LF:7
LH:7
BRDA:7,0,0,2
BRDA:7,0,1,3
BRF:2
BRH:2
end_of_record
