TN:
SF:src/config/mongoDBConnection.js
FN:13,(anonymous_0)
FN:28,(anonymous_1)
FNF:2
FNH:1
FNDA:2,(anonymous_0)
FNDA:0,(anonymous_1)
DA:5,2
DA:6,2
DA:9,2
DA:13,2
DA:14,2
DA:15,2
DA:16,2
DA:20,0
DA:23,0
DA:24,0
DA:28,2
DA:29,0
DA:30,0
LF:13
LH:8
BRDA:5,0,0,2
BRDA:5,0,1,0
BRDA:9,1,0,2
BRDA:9,1,1,0
BRDA:17,2,0,2
BRDA:17,2,1,0
BRDA:23,3,0,0
BRDA:23,3,1,0
BRF:8
BRH:3
end_of_record
TN:
SF:src/config/seedData.js
FN:4,(anonymous_0)
FNF:1
FNH:0
FNDA:0,(anonymous_0)
DA:4,2
DA:5,0
DA:6,0
DA:8,0
DA:9,0
DA:14,0
DA:16,0
DA:30,0
DA:34,0
DA:47,0
DA:50,0
DA:52,0
DA:55,0
LF:13
LH:1
BRDA:8,0,0,0
BRDA:8,0,1,0
BRF:2
BRH:0
end_of_record
TN:
SF:src/controller/outfitController.js
FN:4,(anonymous_0)
FN:33,(anonymous_1)
FNF:2
FNH:0
FNDA:0,(anonymous_0)
FNDA:0,(anonymous_1)
DA:4,2
DA:5,0
DA:6,0
DA:7,0
DA:8,0
DA:9,0
DA:11,0
DA:18,0
DA:19,0
DA:24,0
DA:25,0
DA:27,0
DA:28,0
DA:33,2
DA:34,0
DA:35,0
DA:36,0
DA:38,0
DA:39,0
DA:52,0
DA:61,0
DA:62,0
DA:63,0
DA:65,0
DA:66,0
LF:25
LH:2
BRDA:8,0,0,0
BRDA:8,0,1,0
BRDA:18,1,0,0
BRDA:18,1,1,0
BRDA:38,2,0,0
BRDA:38,2,1,0
BRDA:54,3,0,0
BRDA:54,3,1,0
BRDA:55,4,0,0
BRDA:55,4,1,0
BRDA:56,5,0,0
BRDA:56,5,1,0
BRDA:57,6,0,0
BRDA:57,6,1,0
BRDA:58,7,0,0
BRDA:58,7,1,0
BRF:16
BRH:0
end_of_record
TN:
SF:src/controller/userController.js
FN:7,(anonymous_0)
FN:35,(anonymous_1)
FN:75,(anonymous_2)
FNF:3
FNH:3
FNDA:3,(anonymous_0)
FNDA:6,(anonymous_1)
FNDA:3,(anonymous_2)
DA:7,2
DA:8,3
DA:9,3
DA:11,3
DA:12,1
DA:15,2
DA:16,2
DA:17,1
DA:20,1
DA:22,0
DA:23,0
DA:35,2
DA:36,6
DA:37,6
DA:38,6
DA:39,3
DA:42,3
DA:43,1
DA:46,2
DA:47,1
DA:49,1
DA:51,1
DA:52,0
DA:55,1
DA:57,1
DA:62,1
DA:63,1
DA:65,0
DA:69,0
DA:70,0
DA:75,2
DA:76,3
DA:77,3
DA:79,3
DA:80,1
DA:83,2
DA:85,2
DA:86,1
DA:88,1
DA:91,0
DA:92,0
LF:41
LH:33
BRDA:11,0,0,1
BRDA:11,0,1,2
BRDA:11,1,0,3
BRDA:11,1,1,3
BRDA:16,2,0,1
BRDA:16,2,1,1
BRDA:38,3,0,3
BRDA:38,3,1,3
BRDA:38,4,0,6
BRDA:38,4,1,5
BRDA:38,4,2,4
BRDA:42,5,0,1
BRDA:42,5,1,2
BRDA:46,6,0,1
BRDA:46,6,1,1
BRDA:51,7,0,0
BRDA:51,7,1,1
BRDA:62,8,0,1
BRDA:62,8,1,0
BRDA:79,9,0,1
BRDA:79,9,1,2
BRDA:79,10,0,3
BRDA:79,10,1,3
BRDA:85,11,0,1
BRDA:85,11,1,1
BRF:25
BRH:23
end_of_record
TN:
SF:src/controller/wardrobeController.js
FN:6,(anonymous_0)
FN:32,(anonymous_1)
FN:67,(anonymous_2)
FN:84,(anonymous_3)
FNF:4
FNH:4
FNDA:3,(anonymous_0)
FNDA:2,(anonymous_1)
FNDA:2,(anonymous_2)
FNDA:1,(anonymous_3)
DA:6,2
DA:7,3
DA:8,3
DA:9,3
DA:10,3
DA:12,3
DA:13,1
DA:16,2
DA:17,2
DA:18,2
DA:20,2
DA:21,2
DA:22,2
DA:24,2
DA:26,0
DA:27,0
DA:32,2
DA:33,2
DA:34,2
DA:36,2
DA:38,2
DA:39,1
DA:43,1
DA:44,1
DA:47,1
DA:56,1
DA:57,1
DA:59,0
DA:60,0
DA:67,2
DA:68,2
DA:69,2
DA:72,2
DA:73,1
DA:77,1
DA:79,0
DA:84,2
DA:85,1
DA:86,1
DA:87,1
DA:88,1
DA:89,0
DA:96,1
DA:102,1
DA:107,0
LF:45
LH:38
BRDA:12,0,0,1
BRDA:12,0,1,2
BRDA:12,1,0,3
BRDA:12,1,1,3
BRDA:17,2,0,2
BRDA:17,2,1,0
BRDA:18,3,0,1
BRDA:18,3,1,1
BRDA:38,4,0,1
BRDA:38,4,1,1
BRDA:38,5,0,2
BRDA:38,5,1,2
BRDA:43,6,0,1
BRDA:43,6,1,0
BRDA:72,7,0,1
BRDA:72,7,1,1
BRDA:88,8,0,0
BRDA:88,8,1,1
BRF:18
BRH:15
end_of_record
TN:
SF:src/models/clothingSchema.js
FN:45,(anonymous_0)
FNF:1
FNH:1
FNDA:3,(anonymous_0)
DA:3,2
DA:5,2
DA:45,3
LF:3
LH:3
BRF:0
BRH:0
end_of_record
TN:
SF:src/models/outfitSchema.js
FNF:0
FNH:0
DA:3,2
DA:5,2
LF:2
LH:2
BRF:0
BRH:0
end_of_record
TN:
SF:src/models/userSchema.js
FN:22,(anonymous_0)
FNF:1
FNH:1
FNDA:21,(anonymous_0)
DA:3,2
DA:5,2
DA:22,21
LF:3
LH:3
BRF:0
BRH:0
end_of_record
TN:
SF:src/routes/outfitRoutes.js
FNF:0
FNH:0
DA:7,2
DA:9,2
DA:10,2
LF:3
LH:3
BRF:0
BRH:0
end_of_record
TN:
SF:src/routes/userRoutes.js
FNF:0
FNH:0
DA:8,2
DA:10,2
DA:11,2
DA:12,2
LF:4
LH:4
BRF:0
BRH:0
end_of_record
TN:
SF:src/routes/wardrobeRoutes.js
FNF:0
FNH:0
DA:9,2
DA:11,2
DA:12,2
DA:13,2
DA:14,2
LF:5
LH:5
BRF:0
BRH:0
end_of_record
TN:
SF:src/services/geminiService.js
FN:8,(anonymous_0)
FNF:1
FNH:1
FNDA:1,(anonymous_0)
DA:8,2
DA:9,1
DA:10,0
DA:13,1
DA:14,1
DA:17,1
DA:19,1
DA:20,1
DA:29,1
DA:30,1
DA:35,1
DA:37,1
DA:39,0
DA:40,0
LF:14
LH:11
BRDA:9,0,0,0
BRDA:9,0,1,1
BRF:2
BRH:1
end_of_record
TN:
SF:src/utils/validation.js
FN:1,(anonymous_0)
FN:6,(anonymous_1)
FNF:2
FNH:2
FNDA:5,(anonymous_0)
FNDA:4,(anonymous_1)
DA:1,3
DA:2,5
DA:3,5
DA:6,3
DA:7,4
DA:8,2
DA:10,2
LF:7
LH:7
BRDA:7,0,0,2
BRDA:7,0,1,2
BRF:2
BRH:2
end_of_record
